<?xml version="1.0" encoding="UTF-8"?>
<!-- Generated by org.testng.reporters.JUnitReportReporter -->
<testsuite skipped="0" hostname="INFLAP117" name="com.testrunner.ss.TestRunner" tests="1" failures="0" timestamp="06 Jun 2019 09:10:37 GMT" time="123.295" errors="0">
  <testcase name="feature" time="123.295" classname="com.testrunner.ss.TestRunner"/>
</testsuite> <!-- com.testrunner.ss.TestRunner -->
